17:32.32.229[main] %=5levels org.testng.internal.Utils- [TestNG] Running:
  C:\Users\VENKATESHAMKASANAGOT\Documents\MyWorkspace\EADMProject\master.xml

17:32.46.355[main] %=5levels testCases.EADMF26_27_TC_02- ***********Validating the login page *********
17:32.48.522[main] %=5levels testCases.EADMF26_27_TC_02- ***********Login Test Finished***********
17:32.51.308[main] %=5levels testCases.EADMF26_27_TC_02- *********** Logout Test started***********
17:32.52.924[main] %=5levels testCases.EADMF26_27_TC_02- *********** Logout Test Finished***********
17:34.42.540[main] %=5levels org.testng.internal.Utils- [TestNG] Running:
  C:\Users\VENKATESHAMKASANAGOT\Documents\MyWorkspace\EADMProject\master.xml

17:34.54.622[main] %=5levels testCases.EADMF26_27_TC_02- ***********Validating the login page *********
17:34.56.790[main] %=5levels testCases.EADMF26_27_TC_02- ***********Login Test Finished***********
17:35.01.149[main] %=5levels testCases.EADMF26_27_TC_02- *********** Logout Test started***********
17:35.03.225[main] %=5levels testCases.EADMF26_27_TC_02- *********** Logout Test Finished***********
17:36.27.884[main] %=5levels org.testng.internal.Utils- [TestNG] Running:
  C:\Users\VENKATESHAMKASANAGOT\Documents\MyWorkspace\EADMProject\master.xml

17:36.39.382[main] %=5levels testCases.EADMF26_27_TC_02- ***********Validating the login page *********
17:36.41.434[main] %=5levels testCases.EADMF26_27_TC_02- ***********Login Test Finished***********
17:36.53.800[main] %=5levels testCases.EADMF26_27_TC_02- ***********Classification Service Chain Level Test Started***********
17:37.08.617[main] %=5levels testCases.EADMF26_27_TC_02- ***********Classification Service Chain Level Test Started***********
17:37.11.018[main] %=5levels testCases.EADMF26_27_TC_02- ***********Classification Service Chain Level Test Started***********
17:37.26.522[main] %=5levels testCases.EADMF26_27_TC_02- ***********Classification Service Chain Level Test Started***********
17:37.28.992[main] %=5levels testCases.EADMF26_27_TC_02- ***********Classification Service Chain Level Test Started***********
17:37.31.525[main] %=5levels testCases.EADMF26_27_TC_02- ***********Classification Service Chain Level Test Started***********
17:37.34.009[main] %=5levels testCases.EADMF26_27_TC_02- ***********Classification Service Chain Level Test Started***********
17:37.36.495[main] %=5levels testCases.EADMF26_27_TC_02- ***********Classification Service Chain Level Test Started***********
17:37.38.924[main] %=5levels testCases.EADMF26_27_TC_02- ***********Classification Service Chain Level Test Started***********
17:37.41.251[main] %=5levels testCases.EADMF26_27_TC_02- ***********Classification Service Chain Level Test Started***********
17:37.56.268[main] %=5levels testCases.EADMF26_27_TC_02- ***********Classification Service Chain Level Test Started***********
17:40.25.349[main] %=5levels org.testng.internal.Utils- [TestNG] Running:
  C:\Users\VENKATESHAMKASANAGOT\Documents\MyWorkspace\EADMProject\master.xml

17:40.37.221[main] %=5levels testCases.EADMF26_27_TC_02- ***********Validating the login page *********
17:40.39.290[main] %=5levels testCases.EADMF26_27_TC_02- ***********Login Test Finished***********
17:40.52.107[main] %=5levels testCases.EADMF26_27_TC_02- ***********Classification Service Chain Level Test Started***********
17:41.08.502[main] %=5levels testCases.EADMF26_27_TC_02- *********** Classification Service Chain Level Test Finished***********
17:41.08.502[main] %=5levels testCases.EADMF26_27_TC_02- ***********Classification Service Chain Level Test Started***********
17:41.24.815[main] %=5levels testCases.EADMF26_27_TC_02- *********** Classification Service Chain Level Test Finished***********
17:41.24.834[main] %=5levels testCases.EADMF26_27_TC_02- ***********Classification Service Chain Level Test Started***********
17:41.29.649[main] %=5levels testCases.EADMF26_27_TC_02- ***********Classification Service Chain Level Test Started***********
17:41.32.012[main] %=5levels testCases.EADMF26_27_TC_02- ***********Classification Service Chain Level Test Started***********
17:41.34.367[main] %=5levels testCases.EADMF26_27_TC_02- ***********Classification Service Chain Level Test Started***********
17:41.36.667[main] %=5levels testCases.EADMF26_27_TC_02- ***********Classification Service Chain Level Test Started***********
17:41.39.017[main] %=5levels testCases.EADMF26_27_TC_02- ***********Classification Service Chain Level Test Started***********
17:41.41.319[main] %=5levels testCases.EADMF26_27_TC_02- ***********Classification Service Chain Level Test Started***********
17:41.43.609[main] %=5levels testCases.EADMF26_27_TC_02- ***********Classification Service Chain Level Test Started***********
17:41.45.966[main] %=5levels testCases.EADMF26_27_TC_02- ***********Classification Service Chain Level Test Started***********
17:41.48.269[main] %=5levels testCases.EADMF26_27_TC_02- ***********Classification Service Chain Level Test Started***********
17:41.50.601[main] %=5levels testCases.EADMF26_27_TC_02- ***********Classification Service Chain Level Test Started***********
17:41.52.902[main] %=5levels testCases.EADMF26_27_TC_02- ***********Classification Service Chain Level Test Started***********
17:41.55.236[main] %=5levels testCases.EADMF26_27_TC_02- ***********Classification Service Chain Level Test Started***********
17:41.57.559[main] %=5levels testCases.EADMF26_27_TC_02- ***********Classification Service Chain Level Test Started***********
17:41.59.932[main] %=5levels testCases.EADMF26_27_TC_02- ***********Classification Service Chain Level Test Started***********
17:42.02.228[main] %=5levels testCases.EADMF26_27_TC_02- ***********Classification Service Chain Level Test Started***********
17:42.04.544[main] %=5levels testCases.EADMF26_27_TC_02- ***********Classification Service Chain Level Test Started***********
17:42.06.917[main] %=5levels testCases.EADMF26_27_TC_02- ***********Classification Service Chain Level Test Started***********
17:42.09.234[main] %=5levels testCases.EADMF26_27_TC_02- ***********Classification Service Chain Level Test Started***********
17:42.11.534[main] %=5levels testCases.EADMF26_27_TC_02- ***********Classification Service Chain Level Test Started***********
17:42.13.874[main] %=5levels testCases.EADMF26_27_TC_02- ***********Classification Service Chain Level Test Started***********
17:42.18.761[main] %=5levels testCases.EADMF26_27_TC_02- ***********Classification Service Chain Level Test Started***********
17:42.21.027[main] %=5levels testCases.EADMF26_27_TC_02- ***********Classification Service Chain Level Test Started***********
17:42.25.483[main] %=5levels testCases.EADMF26_27_TC_02- ***********Classification Service Chain Level Test Started***********
17:42.29.797[main] %=5levels testCases.EADMF26_27_TC_02- ***********Classification Service Chain Level Test Started***********
17:42.34.749[main] %=5levels testCases.EADMF26_27_TC_02- ***********Classification Service Chain Level Test Started***********
17:42.37.060[main] %=5levels testCases.EADMF26_27_TC_02- ***********Classification Service Chain Level Test Started***********
17:42.41.684[main] %=5levels testCases.EADMF26_27_TC_02- ***********Classification Service Chain Level Test Started***********
17:42.47.256[main] %=5levels testCases.EADMF26_27_TC_02- ***********Classification Service Chain Level Test Started***********
17:42.51.984[main] %=5levels testCases.EADMF26_27_TC_02- ***********Classification Service Chain Level Test Started***********
17:42.57.168[main] %=5levels testCases.EADMF26_27_TC_02- ***********Classification Service Chain Level Test Started***********
17:43.01.966[main] %=5levels testCases.EADMF26_27_TC_02- ***********Classification Service Chain Level Test Started***********
17:43.06.837[main] %=5levels testCases.EADMF26_27_TC_02- ***********Classification Service Chain Level Test Started***********
17:43.09.150[main] %=5levels testCases.EADMF26_27_TC_02- ***********Classification Service Chain Level Test Started***********
17:47.49.390[main] %=5levels org.testng.internal.Utils- [Utils] MethodGroupsHelper.collectMethodsByGroup() took 0 ms.
17:47.49.397[main] %=5levels org.testng.internal.Utils- [Utils] MethodGroupsHelper.sortMethods() took 4 ms.
17:47.49.399[main] %=5levels org.testng.internal.Utils- [Utils] MethodGroupsHelper.collectMethodsByGroup() took 0 ms.
17:47.49.400[main] %=5levels org.testng.internal.Utils- [Utils] MethodGroupsHelper.sortMethods() took 0 ms.
17:47.49.400[main] %=5levels org.testng.internal.Utils- [Utils] MethodGroupsHelper.collectMethodsByGroup() took 0 ms.
17:47.49.400[main] %=5levels org.testng.internal.Utils- [Utils] MethodGroupsHelper.sortMethods() took 0 ms.
17:47.49.400[main] %=5levels org.testng.internal.Utils- [Utils] MethodGroupsHelper.collectMethodsByGroup() took 0 ms.
17:47.49.401[main] %=5levels org.testng.internal.Utils- [Utils] MethodGroupsHelper.sortMethods() took 0 ms.
17:47.49.409[main] %=5levels org.testng.internal.Utils- [Utils] MethodGroupsHelper.collectMethodsByGroup() took 6 ms.
17:47.49.419[main] %=5levels org.testng.internal.Utils- [Utils] MethodGroupsHelper.sortMethods() took 10 ms.
17:47.49.420[main] %=5levels org.testng.internal.Utils- [Utils] MethodGroupsHelper.collectMethodsByGroup() took 0 ms.
17:47.49.420[main] %=5levels org.testng.internal.Utils- [Utils] MethodGroupsHelper.sortMethods() took 0 ms.
17:47.49.421[main] %=5levels org.testng.internal.Utils- [Utils] MethodGroupsHelper.collectMethodsByGroup() took 0 ms.
17:47.49.421[main] %=5levels org.testng.internal.Utils- [Utils] MethodGroupsHelper.sortMethods() took 0 ms.
17:47.49.421[main] %=5levels org.testng.internal.Utils- [Utils] MethodGroupsHelper.collectMethodsByGroup() took 0 ms.
17:47.49.421[main] %=5levels org.testng.internal.Utils- [Utils] MethodGroupsHelper.sortMethods() took 0 ms.
17:47.49.422[main] %=5levels org.testng.internal.Utils- [Utils] MethodGroupsHelper.collectMethodsByGroup() took 0 ms.
17:47.49.423[main] %=5levels org.testng.internal.Utils- [Utils] MethodGroupsHelper.sortMethods() took 0 ms.
17:47.49.423[main] %=5levels org.testng.internal.Utils- [Utils] MethodGroupsHelper.collectMethodsByGroup() took 0 ms.
17:47.49.423[main] %=5levels org.testng.internal.Utils- [Utils] MethodGroupsHelper.sortMethods() took 0 ms.
17:47.49.425[main] %=5levels org.testng.internal.Utils- [Utils] MethodGroupsHelper.collectMethodsByGroup() took 0 ms.
17:47.49.425[main] %=5levels org.testng.internal.Utils- [Utils] MethodGroupsHelper.sortMethods() took 0 ms.
17:47.49.425[main] %=5levels org.testng.internal.Utils- [Utils] MethodGroupsHelper.collectMethodsByGroup() took 0 ms.
17:47.49.425[main] %=5levels org.testng.internal.Utils- [Utils] MethodGroupsHelper.sortMethods() took 0 ms.
17:47.49.426[main] %=5levels org.testng.internal.Utils- [Utils] MethodGroupsHelper.collectMethodsByGroup() took 0 ms.
17:47.49.432[main] %=5levels org.testng.internal.Utils- [Utils] MethodGroupsHelper.sortMethods() took 6 ms.
17:47.49.433[main] %=5levels org.testng.internal.Utils- [Utils] MethodGroupsHelper.collectMethodsByGroup() took 0 ms.
17:47.49.433[main] %=5levels org.testng.internal.Utils- [Utils] MethodGroupsHelper.sortMethods() took 0 ms.
17:47.49.433[main] %=5levels org.testng.internal.Utils- [Utils] MethodGroupsHelper.collectMethodsByGroup() took 0 ms.
17:47.49.433[main] %=5levels org.testng.internal.Utils- [Utils] MethodGroupsHelper.sortMethods() took 0 ms.
17:47.49.438[main] %=5levels org.testng.internal.Utils- [TestNG] Running:
  C:\Users\VENKATESHAMKASANAGOT\AppData\Local\Temp\testng-eclipse--1860584761\testng-customsuite.xml

17:47.49.464[main] %=5levels org.testng.internal.Utils- [Utils] DynamicGraphHelper.createDynamicGraph() took 7 ms.
17:48.02.879[main] %=5levels testCases.EADMF26_27_TC_02- ***********Validating the login page *********
17:48.05.048[main] %=5levels testCases.EADMF26_27_TC_02- ***********Login Test Finished***********
17:48.15.934[main] %=5levels testCases.EADMF26_27_TC_02- ***********Classification Service Chain Level Test Started***********
17:48.32.559[main] %=5levels testCases.EADMF26_27_TC_02- *********** Classification Service Chain Level Test Finished***********
17:48.32.565[main] %=5levels testCases.EADMF26_27_TC_02- ***********Classification Service Chain Level Test Started***********
17:48.49.081[main] %=5levels testCases.EADMF26_27_TC_02- *********** Classification Service Chain Level Test Finished***********
17:48.49.090[main] %=5levels testCases.EADMF26_27_TC_02- ***********Classification Service Chain Level Test Started***********
17:49.05.401[main] %=5levels testCases.EADMF26_27_TC_02- *********** Classification Service Chain Level Test Finished***********
17:49.05.414[main] %=5levels testCases.EADMF26_27_TC_02- ***********Classification Service Chain Level Test Started***********
17:49.10.114[main] %=5levels testCases.EADMF26_27_TC_02- ***********Classification Service Chain Level Test Started***********
17:49.12.253[main] %=5levels testCases.EADMF26_27_TC_02- ***********Classification Service Chain Level Test Started***********
17:49.14.426[main] %=5levels testCases.EADMF26_27_TC_02- ***********Classification Service Chain Level Test Started***********
17:49.16.586[main] %=5levels testCases.EADMF26_27_TC_02- ***********Classification Service Chain Level Test Started***********
17:49.18.253[main] %=5levels testCases.EADMF26_27_TC_02- ***********Classification Service Chain Level Test Started***********
17:49.34.533[main] %=5levels testCases.EADMF26_27_TC_02- *********** Classification Service Chain Level Test Finished***********
17:49.34.533[main] %=5levels testCases.EADMF26_27_TC_02- ***********Classification Service Chain Level Test Started***********
17:49.39.110[main] %=5levels testCases.EADMF26_27_TC_02- ***********Classification Service Chain Level Test Started***********
17:49.41.267[main] %=5levels testCases.EADMF26_27_TC_02- ***********Classification Service Chain Level Test Started***********
17:49.43.496[main] %=5levels testCases.EADMF26_27_TC_02- ***********Classification Service Chain Level Test Started***********
17:49.45.712[main] %=5levels testCases.EADMF26_27_TC_02- ***********Classification Service Chain Level Test Started***********
17:49.47.898[main] %=5levels testCases.EADMF26_27_TC_02- ***********Classification Service Chain Level Test Started***********
17:49.50.133[main] %=5levels testCases.EADMF26_27_TC_02- ***********Classification Service Chain Level Test Started***********
17:49.52.405[main] %=5levels testCases.EADMF26_27_TC_02- ***********Classification Service Chain Level Test Started***********
17:49.54.554[main] %=5levels testCases.EADMF26_27_TC_02- ***********Classification Service Chain Level Test Started***********
17:49.56.720[main] %=5levels testCases.EADMF26_27_TC_02- ***********Classification Service Chain Level Test Started***********
17:53.07.166[main] %=5levels org.testng.internal.Utils- [TestNG] Running:
  C:\Users\VENKATESHAMKASANAGOT\Documents\MyWorkspace\EADMProject\master.xml

17:53.19.373[main] %=5levels testCases.EADMF26_27_TC_02- ***********Validating the login page *********
17:53.21.493[main] %=5levels testCases.EADMF26_27_TC_02- ***********Login Test Finished***********
17:53.34.736[main] %=5levels testCases.EADMF26_27_TC_02- ***********Classification Service Chain Level Test Started***********
17:53.51.415[main] %=5levels testCases.EADMF26_27_TC_02- *********** Classification Service Chain Level Test Finished***********
17:53.51.415[main] %=5levels testCases.EADMF26_27_TC_02- ***********Classification Service Chain Level Test Started***********
17:54.07.820[main] %=5levels testCases.EADMF26_27_TC_02- *********** Classification Service Chain Level Test Finished***********
17:54.07.829[main] %=5levels testCases.EADMF26_27_TC_02- ***********Classification Service Chain Level Test Started***********
17:54.12.564[main] %=5levels testCases.EADMF26_27_TC_02- ***********Classification Service Chain Level Test Started***********
17:54.14.893[main] %=5levels testCases.EADMF26_27_TC_02- ***********Classification Service Chain Level Test Started***********
17:54.17.267[main] %=5levels testCases.EADMF26_27_TC_02- ***********Classification Service Chain Level Test Started***********
17:54.19.609[main] %=5levels testCases.EADMF26_27_TC_02- ***********Classification Service Chain Level Test Started***********
17:54.21.936[main] %=5levels testCases.EADMF26_27_TC_02- ***********Classification Service Chain Level Test Started***********
17:54.26.562[main] %=5levels testCases.EADMF26_27_TC_02- ***********Classification Service Chain Level Test Started***********
17:54.28.865[main] %=5levels testCases.EADMF26_27_TC_02- ***********Classification Service Chain Level Test Started***********
17:54.31.198[main] %=5levels testCases.EADMF26_27_TC_02- ***********Classification Service Chain Level Test Started***********
17:54.33.526[main] %=5levels testCases.EADMF26_27_TC_02- ***********Classification Service Chain Level Test Started***********
17:54.35.850[main] %=5levels testCases.EADMF26_27_TC_02- ***********Classification Service Chain Level Test Started***********
18:08.21.766[main] %=5levels org.testng.internal.Utils- [TestNG] Running:
  C:\Users\VENKATESHAMKASANAGOT\Documents\MyWorkspace\EADMProject\master.xml

18:09.08.965[main] %=5levels testCases.EADMF26_27_TC_02- ***********Validating the login page *********
18:09.11.032[main] %=5levels testCases.EADMF26_27_TC_02- ***********Login Test Finished***********
18:09.17.403[main] %=5levels testCases.EADMF26_27_TC_02- ***********Classification Service Chain Level Test Started***********
18:09.33.364[main] %=5levels testCases.EADMF26_27_TC_02- *********** Classification Service Chain Level Test Finished***********
18:09.33.374[main] %=5levels testCases.EADMF26_27_TC_02- ***********Classification Service Chain Level Test Started***********
18:09.48.168[main] %=5levels testCases.EADMF26_27_TC_02- *********** Classification Service Chain Level Test Finished***********
18:09.48.171[main] %=5levels testCases.EADMF26_27_TC_02- ***********Classification Service Chain Level Test Started***********
18:10.03.099[main] %=5levels testCases.EADMF26_27_TC_02- *********** Classification Service Chain Level Test Finished***********
18:10.03.102[main] %=5levels testCases.EADMF26_27_TC_02- ***********Classification Service Chain Level Test Started***********
18:10.18.004[main] %=5levels testCases.EADMF26_27_TC_02- *********** Classification Service Chain Level Test Finished***********
18:10.18.006[main] %=5levels testCases.EADMF26_27_TC_02- ***********Classification Service Chain Level Test Started***********
18:10.32.823[main] %=5levels testCases.EADMF26_27_TC_02- *********** Classification Service Chain Level Test Finished***********
18:10.32.825[main] %=5levels testCases.EADMF26_27_TC_02- ***********Classification Service Chain Level Test Started***********
18:10.47.570[main] %=5levels testCases.EADMF26_27_TC_02- *********** Classification Service Chain Level Test Finished***********
18:10.47.578[main] %=5levels testCases.EADMF26_27_TC_02- ***********Classification Service Chain Level Test Started***********
18:11.02.411[main] %=5levels testCases.EADMF26_27_TC_02- *********** Classification Service Chain Level Test Finished***********
18:11.02.413[main] %=5levels testCases.EADMF26_27_TC_02- ***********Classification Service Chain Level Test Started***********
18:11.17.351[main] %=5levels testCases.EADMF26_27_TC_02- *********** Classification Service Chain Level Test Finished***********
18:11.17.353[main] %=5levels testCases.EADMF26_27_TC_02- ***********Classification Service Chain Level Test Started***********
18:11.32.142[main] %=5levels testCases.EADMF26_27_TC_02- *********** Classification Service Chain Level Test Finished***********
18:11.32.145[main] %=5levels testCases.EADMF26_27_TC_02- ***********Classification Service Chain Level Test Started***********
18:11.46.959[main] %=5levels testCases.EADMF26_27_TC_02- *********** Classification Service Chain Level Test Finished***********
18:11.46.962[main] %=5levels testCases.EADMF26_27_TC_02- ***********Classification Service Chain Level Test Started***********
18:12.01.855[main] %=5levels testCases.EADMF26_27_TC_02- *********** Classification Service Chain Level Test Finished***********
18:12.01.857[main] %=5levels testCases.EADMF26_27_TC_02- ***********Classification Service Chain Level Test Started***********
18:12.16.551[main] %=5levels testCases.EADMF26_27_TC_02- *********** Classification Service Chain Level Test Finished***********
18:12.16.553[main] %=5levels testCases.EADMF26_27_TC_02- ***********Classification Service Chain Level Test Started***********
18:12.31.342[main] %=5levels testCases.EADMF26_27_TC_02- *********** Classification Service Chain Level Test Finished***********
18:12.31.343[main] %=5levels testCases.EADMF26_27_TC_02- ***********Classification Service Chain Level Test Started***********
18:12.46.165[main] %=5levels testCases.EADMF26_27_TC_02- *********** Classification Service Chain Level Test Finished***********
18:12.46.165[main] %=5levels testCases.EADMF26_27_TC_02- ***********Classification Service Chain Level Test Started***********
18:13.00.968[main] %=5levels testCases.EADMF26_27_TC_02- *********** Classification Service Chain Level Test Finished***********
18:13.00.970[main] %=5levels testCases.EADMF26_27_TC_02- ***********Classification Service Chain Level Test Started***********
18:13.15.780[main] %=5levels testCases.EADMF26_27_TC_02- *********** Classification Service Chain Level Test Finished***********
18:13.15.783[main] %=5levels testCases.EADMF26_27_TC_02- ***********Classification Service Chain Level Test Started***********
18:13.30.515[main] %=5levels testCases.EADMF26_27_TC_02- *********** Classification Service Chain Level Test Finished***********
18:13.30.515[main] %=5levels testCases.EADMF26_27_TC_02- ***********Classification Service Chain Level Test Started***********
18:13.45.322[main] %=5levels testCases.EADMF26_27_TC_02- *********** Classification Service Chain Level Test Finished***********
18:13.45.325[main] %=5levels testCases.EADMF26_27_TC_02- ***********Classification Service Chain Level Test Started***********
18:14.00.203[main] %=5levels testCases.EADMF26_27_TC_02- *********** Classification Service Chain Level Test Finished***********
18:14.00.205[main] %=5levels testCases.EADMF26_27_TC_02- ***********Classification Service Chain Level Test Started***********
18:14.15.121[main] %=5levels testCases.EADMF26_27_TC_02- *********** Classification Service Chain Level Test Finished***********
18:14.15.122[main] %=5levels testCases.EADMF26_27_TC_02- ***********Classification Service Chain Level Test Started***********
18:14.29.968[main] %=5levels testCases.EADMF26_27_TC_02- *********** Classification Service Chain Level Test Finished***********
18:14.29.969[main] %=5levels testCases.EADMF26_27_TC_02- ***********Classification Service Chain Level Test Started***********
18:14.44.830[main] %=5levels testCases.EADMF26_27_TC_02- *********** Classification Service Chain Level Test Finished***********
18:14.44.834[main] %=5levels testCases.EADMF26_27_TC_02- ***********Classification Service Chain Level Test Started***********
18:14.59.671[main] %=5levels testCases.EADMF26_27_TC_02- *********** Classification Service Chain Level Test Finished***********
18:14.59.673[main] %=5levels testCases.EADMF26_27_TC_02- ***********Classification Service Chain Level Test Started***********
18:15.14.596[main] %=5levels testCases.EADMF26_27_TC_02- *********** Classification Service Chain Level Test Finished***********
18:15.14.599[main] %=5levels testCases.EADMF26_27_TC_02- ***********Classification Service Chain Level Test Started***********
18:15.29.383[main] %=5levels testCases.EADMF26_27_TC_02- *********** Classification Service Chain Level Test Finished***********
18:15.29.383[main] %=5levels testCases.EADMF26_27_TC_02- ***********Classification Service Chain Level Test Started***********
18:15.44.145[main] %=5levels testCases.EADMF26_27_TC_02- *********** Classification Service Chain Level Test Finished***********
18:15.44.146[main] %=5levels testCases.EADMF26_27_TC_02- ***********Classification Service Chain Level Test Started***********
18:15.59.049[main] %=5levels testCases.EADMF26_27_TC_02- *********** Classification Service Chain Level Test Finished***********
18:15.59.051[main] %=5levels testCases.EADMF26_27_TC_02- ***********Classification Service Chain Level Test Started***********
18:16.13.851[main] %=5levels testCases.EADMF26_27_TC_02- *********** Classification Service Chain Level Test Finished***********
18:16.13.853[main] %=5levels testCases.EADMF26_27_TC_02- ***********Classification Service Chain Level Test Started***********
18:16.28.741[main] %=5levels testCases.EADMF26_27_TC_02- *********** Classification Service Chain Level Test Finished***********
18:16.28.748[main] %=5levels testCases.EADMF26_27_TC_02- ***********Classification Service Chain Level Test Started***********
18:16.43.587[main] %=5levels testCases.EADMF26_27_TC_02- *********** Classification Service Chain Level Test Finished***********
18:16.43.587[main] %=5levels testCases.EADMF26_27_TC_02- ***********Classification Service Chain Level Test Started***********
18:16.58.418[main] %=5levels testCases.EADMF26_27_TC_02- *********** Classification Service Chain Level Test Finished***********
18:16.58.418[main] %=5levels testCases.EADMF26_27_TC_02- ***********Classification Service Chain Level Test Started***********
18:17.13.338[main] %=5levels testCases.EADMF26_27_TC_02- *********** Classification Service Chain Level Test Finished***********
18:17.13.340[main] %=5levels testCases.EADMF26_27_TC_02- ***********Classification Service Chain Level Test Started***********
18:17.28.184[main] %=5levels testCases.EADMF26_27_TC_02- *********** Classification Service Chain Level Test Finished***********
18:17.28.184[main] %=5levels testCases.EADMF26_27_TC_02- ***********Classification Service Chain Level Test Started***********
18:17.43.048[main] %=5levels testCases.EADMF26_27_TC_02- *********** Classification Service Chain Level Test Finished***********
18:17.43.049[main] %=5levels testCases.EADMF26_27_TC_02- ***********Classification Service Chain Level Test Started***********
18:17.58.010[main] %=5levels testCases.EADMF26_27_TC_02- *********** Classification Service Chain Level Test Finished***********
18:17.58.014[main] %=5levels testCases.EADMF26_27_TC_02- ***********Classification Service Chain Level Test Started***********
18:18.12.969[main] %=5levels testCases.EADMF26_27_TC_02- *********** Classification Service Chain Level Test Finished***********
18:18.12.969[main] %=5levels testCases.EADMF26_27_TC_02- ***********Classification Service Chain Level Test Started***********
18:18.27.832[main] %=5levels testCases.EADMF26_27_TC_02- *********** Classification Service Chain Level Test Finished***********
18:18.27.833[main] %=5levels testCases.EADMF26_27_TC_02- ***********Classification Service Chain Level Test Started***********
18:18.42.730[main] %=5levels testCases.EADMF26_27_TC_02- *********** Classification Service Chain Level Test Finished***********
18:18.42.732[main] %=5levels testCases.EADMF26_27_TC_02- *********** Logout Test started***********
18:18.43.924[main] %=5levels testCases.EADMF26_27_TC_02- *********** Logout Test Finished***********
